Using pre-set license
Built from '2022.3/staging' branch; Version is '2022.3.6f1 (b9e6e7e9fa2d) revision 12183271'; Using compiler version '192829333'; Build Type 'Release'
OS: 'Windows 10  (10.0.19045) 64bit Enterprise' Language: 'ru' Physical Memory: 16159 MB
BatchMode: 1, IsHumanControllingUs: 0, StartBugReporterOnCrash: 0, Is64bit: 1, IsPro: 1

COMMAND LINE ARGUMENTS:
C:\Program Files\Unity\Hub\Editor\2022.3.6f1\Editor\Unity.exe
-adb2
-batchMode
-noUpm
-name
AssetImportWorker2
-projectPath
C:/Users/Teacher/Documents/GitHub/2DGame/Platformer
-logFile
Logs/AssetImportWorker2.log
-srvPort
53260
Successfully changed project path to: C:/Users/Teacher/Documents/GitHub/2DGame/Platformer
C:/Users/Teacher/Documents/GitHub/2DGame/Platformer
[UnityMemory] Configuration Parameters - Can be set up in boot.config
    "memorysetup-bucket-allocator-granularity=16"
    "memorysetup-bucket-allocator-bucket-count=8"
    "memorysetup-bucket-allocator-block-size=33554432"
    "memorysetup-bucket-allocator-block-count=8"
    "memorysetup-main-allocator-block-size=16777216"
    "memorysetup-thread-allocator-block-size=16777216"
    "memorysetup-gfx-main-allocator-block-size=16777216"
    "memorysetup-gfx-thread-allocator-block-size=16777216"
    "memorysetup-cache-allocator-block-size=4194304"
    "memorysetup-typetree-allocator-block-size=2097152"
    "memorysetup-profiler-bucket-allocator-granularity=16"
    "memorysetup-profiler-bucket-allocator-bucket-count=8"
    "memorysetup-profiler-bucket-allocator-block-size=33554432"
    "memorysetup-profiler-bucket-allocator-block-count=8"
    "memorysetup-profiler-allocator-block-size=16777216"
    "memorysetup-profiler-editor-allocator-block-size=1048576"
    "memorysetup-temp-allocator-size-main=16777216"
    "memorysetup-job-temp-allocator-block-size=2097152"
    "memorysetup-job-temp-allocator-block-size-background=1048576"
    "memorysetup-job-temp-allocator-reduction-small-platforms=262144"
    "memorysetup-allocator-temp-initial-block-size-main=262144"
    "memorysetup-allocator-temp-initial-block-size-worker=262144"
    "memorysetup-temp-allocator-size-background-worker=32768"
    "memorysetup-temp-allocator-size-job-worker=262144"
    "memorysetup-temp-allocator-size-preload-manager=33554432"
    "memorysetup-temp-allocator-size-nav-mesh-worker=65536"
    "memorysetup-temp-allocator-size-audio-worker=65536"
    "memorysetup-temp-allocator-size-cloud-worker=32768"
    "memorysetup-temp-allocator-size-gi-baking-worker=262144"
    "memorysetup-temp-allocator-size-gfx=262144"
Player connection [21236] Host "[IP] 10.3.20.250 [Port] 0 [Flags] 2 [Guid] 2823265400 [EditorId] 2823265400 [Version] 1048832 [Id] WindowsEditor(7,TUL-SRV-320-T) [Debug] 1 [PackageName] WindowsEditor [ProjectName] Editor" joined multi-casting on [225.0.0.222:54997]...

Player connection [21236] Host "[IP] 10.3.20.250 [Port] 0 [Flags] 2 [Guid] 2823265400 [EditorId] 2823265400 [Version] 1048832 [Id] WindowsEditor(7,TUL-SRV-320-T) [Debug] 1 [PackageName] WindowsEditor [ProjectName] Editor" joined alternative multi-casting on [225.0.0.222:34997]...

Refreshing native plugins compatible for Editor in 0.00 ms, found 0 plugins.
Preloading 0 native plugins for Editor in 0.00 ms.
Initialize engine version: 2022.3.6f1 (b9e6e7e9fa2d)
[Subsystems] Discovering subsystems at path C:/Program Files/Unity/Hub/Editor/2022.3.6f1/Editor/Data/Resources/UnitySubsystems
[Subsystems] Discovering subsystems at path C:/Users/Teacher/Documents/GitHub/2DGame/Platformer/Assets
GfxDevice: creating device client; threaded=0; jobified=0
Direct3D:
    Version:  Direct3D 11.0 [level 11.1]
    Renderer: Radeon RX 550X (ID=0x699f)
    Vendor:   ATI
    VRAM:     4075 MB
    Driver:   31.0.12044.30001
Initialize mono
Mono path[0] = 'C:/Program Files/Unity/Hub/Editor/2022.3.6f1/Editor/Data/Managed'
Mono path[1] = 'C:/Program Files/Unity/Hub/Editor/2022.3.6f1/Editor/Data/MonoBleedingEdge/lib/mono/unityjit-win32'
Mono config path = 'C:/Program Files/Unity/Hub/Editor/2022.3.6f1/Editor/Data/MonoBleedingEdge/etc'
Using monoOptions --debugger-agent=transport=dt_socket,embedding=1,server=y,suspend=n,address=127.0.0.1:56032
Begin MonoManager ReloadAssembly
Registering precompiled unity dll's ...
Register platform support module: C:/Program Files/Unity/Hub/Editor/2022.3.6f1/Editor/Data/PlaybackEngines/WebGLSupport/UnityEditor.WebGL.Extensions.dll
Register platform support module: C:/Program Files/Unity/Hub/Editor/2022.3.6f1/Editor/Data/PlaybackEngines/MacStandaloneSupport/UnityEditor.OSXStandalone.Extensions.dll
Register platform support module: C:/Program Files/Unity/Hub/Editor/2022.3.6f1/Editor/Data/PlaybackEngines/AndroidPlayer/UnityEditor.Android.Extensions.dll
Register platform support module: C:/Program Files/Unity/Hub/Editor/2022.3.6f1/Editor/Data/PlaybackEngines/iOSSupport/UnityEditor.iOS.Extensions.dll
Register platform support module: C:/Program Files/Unity/Hub/Editor/2022.3.6f1/Editor/Data/PlaybackEngines/AppleTVSupport/UnityEditor.AppleTV.Extensions.dll
Register platform support module: C:/Program Files/Unity/Hub/Editor/2022.3.6f1/Editor/Data/PlaybackEngines/WindowsStandaloneSupport/UnityEditor.WindowsStandalone.Extensions.dll
Register platform support module: C:/Program Files/Unity/Hub/Editor/2022.3.6f1/Editor/Data/PlaybackEngines/LinuxStandaloneSupport/UnityEditor.LinuxStandalone.Extensions.dll
Register platform support module: C:/Program Files/Unity/Hub/Editor/2022.3.6f1/Editor/Data/PlaybackEngines/MetroSupport/UnityEditor.UWP.Extensions.dll
Registered in 0.019196 seconds.
- Loaded All Assemblies, in  0.379 seconds
Native extension for UWP target not found
Native extension for LinuxStandalone target not found
Native extension for WindowsStandalone target not found
[usbmuxd] Start listen thread
[usbmuxd] Listen thread started
Native extension for AppleTV target not found
[usbmuxd] Start listen thread
[usbmuxd] Listen thread started
Native extension for iOS target not found
Native extension for Android target not found
Android Extension - Scanning For ADB Devices 215 ms
Native extension for OSXStandalone target not found
Native extension for WebGL target not found
Mono: successfully reloaded assembly
- Finished resetting the current domain, in  0.563 seconds
Domain Reload Profiling: 940ms
	BeginReloadAssembly (88ms)
		ExecutionOrderSort (0ms)
		DisableScriptedObjects (0ms)
		BackupInstance (0ms)
		ReleaseScriptingObjects (0ms)
		CreateAndSetChildDomain (1ms)
	RebuildCommonClasses (44ms)
	RebuildNativeTypeToScriptingClass (11ms)
	initialDomainReloadingComplete (81ms)
	LoadAllAssembliesAndSetupDomain (153ms)
		LoadAssemblies (87ms)
		RebuildTransferFunctionScriptingTraits (0ms)
		AnalyzeDomain (146ms)
			TypeCache.Refresh (145ms)
				TypeCache.ScanAssembly (132ms)
			ScanForSourceGeneratedMonoScriptInfo (0ms)
			ResolveRequiredComponents (1ms)
	FinalizeReload (563ms)
		ReleaseScriptCaches (0ms)
		RebuildScriptCaches (0ms)
		SetupLoadedEditorAssemblies (505ms)
			LogAssemblyErrors (0ms)
			InitializePlatformSupportModulesInManaged (350ms)
			SetLoadedEditorAssemblies (6ms)
			RefreshPlugins (0ms)
			BeforeProcessingInitializeOnLoad (3ms)
			ProcessInitializeOnLoadAttributes (101ms)
			ProcessInitializeOnLoadMethodAttributes (45ms)
			AfterProcessingInitializeOnLoad (0ms)
			EditorAssembliesLoaded (0ms)
		ExecutionOrderSort2 (0ms)
		AwakeInstancesAfterBackupRestoration (0ms)
========================================================================
Worker process is ready to serve import requests
Begin MonoManager ReloadAssembly
- Loaded All Assemblies, in  0.340 seconds
Refreshing native plugins compatible for Editor in 0.00 ms, found 0 plugins.
Native extension for UWP target not found
Native extension for LinuxStandalone target not found
Native extension for WindowsStandalone target not found
Native extension for AppleTV target not found
Native extension for iOS target not found
Native extension for Android target not found
Native extension for OSXStandalone target not found
Native extension for WebGL target not found
Mono: successfully reloaded assembly
- Finished resetting the current domain, in  0.352 seconds
Domain Reload Profiling: 691ms
	BeginReloadAssembly (123ms)
		ExecutionOrderSort (0ms)
		DisableScriptedObjects (5ms)
		BackupInstance (0ms)
		ReleaseScriptingObjects (0ms)
		CreateAndSetChildDomain (20ms)
	RebuildCommonClasses (31ms)
	RebuildNativeTypeToScriptingClass (11ms)
	initialDomainReloadingComplete (27ms)
	LoadAllAssembliesAndSetupDomain (146ms)
		LoadAssemblies (73ms)
		RebuildTransferFunctionScriptingTraits (0ms)
		AnalyzeDomain (137ms)
			TypeCache.Refresh (136ms)
				TypeCache.ScanAssembly (126ms)
			ScanForSourceGeneratedMonoScriptInfo (1ms)
			ResolveRequiredComponents (0ms)
	FinalizeReload (353ms)
		ReleaseScriptCaches (0ms)
		RebuildScriptCaches (0ms)
		SetupLoadedEditorAssemblies (219ms)
			LogAssemblyErrors (0ms)
			InitializePlatformSupportModulesInManaged (50ms)
			SetLoadedEditorAssemblies (4ms)
			RefreshPlugins (0ms)
			BeforeProcessingInitializeOnLoad (32ms)
			ProcessInitializeOnLoadAttributes (108ms)
			ProcessInitializeOnLoadMethodAttributes (18ms)
			AfterProcessingInitializeOnLoad (7ms)
			EditorAssembliesLoaded (0ms)
		ExecutionOrderSort2 (0ms)
		AwakeInstancesAfterBackupRestoration (7ms)
Launched and connected shader compiler UnityShaderCompiler.exe after 0.03 seconds
Refreshing native plugins compatible for Editor in 0.00 ms, found 0 plugins.
Preloading 0 native plugins for Editor in 0.00 ms.
Unloading 16 Unused Serialized files (Serialized files now loaded: 0)
Unloading 3 unused Assets / (48.5 KB). Loaded Objects now: 490.
Memory consumption went from 52.5 MB to 52.4 MB.
Total: 3.296900 ms (FindLiveObjects: 0.043700 ms CreateObjectMapping: 0.003800 ms MarkObjects: 3.179300 ms  DeleteObjects: 0.069100 ms)

AssetImportParameters requested are different than current active one (requested -> active):
  custom:video-decoder-ogg-theora: a1e56fd34408186e4bbccfd4996cb3dc -> 
  custom:container-muxer-webm: aa71ff27fc2769a1b78a27578f13a17b -> 
  custom:container-demuxer-webm: 4f35f7cbe854078d1ac9338744f61a02 -> 
  custom:video-encoder-webm-vp8: eb34c28f22e8b96e1ab97ce403110664 -> 
  custom:audio-encoder-webm-vorbis: bf7c407c2cedff20999df2af8eb42d56 -> 
  custom:framework-win-MediaFoundation: 216162199b28c13a410421893ffa2e32 -> 
  custom:container-demuxer-ogg: 62fdf1f143b41e24485cea50d1cbac27 -> 
  custom:video-decoder-webm-vp8: 9c59270c3fd7afecdb556c50c9e8de78 -> 
  custom:audio-decoder-ogg-vorbis: bf7c407c2cedff20999df2af8eb42d56 -> 
  custom:AudioImporter_EditorPlatform: d09bf68614088b80899f8185d706f6e7 -> 
========================================================================
Received Import Request.
  Time since last request: 14726.563389 seconds.
  path: Assets/kenney_pixel-platformer/Tiles/Characters/tile_0002.png
  artifactKey: Guid(89d51caf40729ab44bc67190bf895f50) Importer(815301076,1909f56bfc062723c751e8b465ee728b)
Start importing Assets/kenney_pixel-platformer/Tiles/Characters/tile_0002.png using Guid(89d51caf40729ab44bc67190bf895f50) Importer(815301076,1909f56bfc062723c751e8b465ee728b)  -> (artifact id: '68d2654131ccb97367a94e56a9c0d2f2') in 0.108209 seconds
Number of updated asset objects reloaded before import = 0
Number of asset objects unloaded after import = 3
========================================================================
Received Import Request.
  Time since last request: 0.208986 seconds.
  path: Assets/kenney_pixel-platformer/Tiles/tile_0004.png
  artifactKey: Guid(56ea6b82856a6cc4ca9189023f5e1c99) Importer(815301076,1909f56bfc062723c751e8b465ee728b)
Start importing Assets/kenney_pixel-platformer/Tiles/tile_0004.png using Guid(56ea6b82856a6cc4ca9189023f5e1c99) Importer(815301076,1909f56bfc062723c751e8b465ee728b)  -> (artifact id: '6769b404b28575f3eecd9de11a602696') in 0.036602 seconds
Number of updated asset objects reloaded before import = 0
Number of asset objects unloaded after import = 3
========================================================================
Received Import Request.
  Time since last request: 0.044491 seconds.
  path: Assets/kenney_pixel-platformer/Tiles/Characters/tile_0006.png
  artifactKey: Guid(5c0219b17de1e7c4d954d803f13710af) Importer(815301076,1909f56bfc062723c751e8b465ee728b)
Start importing Assets/kenney_pixel-platformer/Tiles/Characters/tile_0006.png using Guid(5c0219b17de1e7c4d954d803f13710af) Importer(815301076,1909f56bfc062723c751e8b465ee728b)  -> (artifact id: '721a844bf0f5771b6c2cda298f4ed852') in 0.022332 seconds
Number of updated asset objects reloaded before import = 0
Number of asset objects unloaded after import = 3
========================================================================
Received Import Request.
  Time since last request: 0.042318 seconds.
  path: Assets/kenney_pixel-platformer/Tiles/tile_0006.png
  artifactKey: Guid(7b15a436e4493ea44b868e77059d98a1) Importer(815301076,1909f56bfc062723c751e8b465ee728b)
Start importing Assets/kenney_pixel-platformer/Tiles/tile_0006.png using Guid(7b15a436e4493ea44b868e77059d98a1) Importer(815301076,1909f56bfc062723c751e8b465ee728b)  -> (artifact id: '1b696ee5d4b1997819d8d5dc85a4106d') in 0.023253 seconds
Number of updated asset objects reloaded before import = 0
Number of asset objects unloaded after import = 3
========================================================================
Received Import Request.
  Time since last request: 0.359064 seconds.
  path: Assets/kenney_pixel-platformer/Tiles/Backgrounds/tile_0007.png
  artifactKey: Guid(ac06f540c900003498eb7bf9e87d586e) Importer(815301076,1909f56bfc062723c751e8b465ee728b)
Start importing Assets/kenney_pixel-platformer/Tiles/Backgrounds/tile_0007.png using Guid(ac06f540c900003498eb7bf9e87d586e) Importer(815301076,1909f56bfc062723c751e8b465ee728b)  -> (artifact id: '8ed224968f95e3c8181a494920378768') in 0.019826 seconds
Number of updated asset objects reloaded before import = 0
Number of asset objects unloaded after import = 3
========================================================================
Received Import Request.
  Time since last request: 0.000015 seconds.
  path: Assets/kenney_pixel-platformer/Tiles/tile_0008.png
  artifactKey: Guid(bb1b216815b1b19468057b6692b4372d) Importer(815301076,1909f56bfc062723c751e8b465ee728b)
Start importing Assets/kenney_pixel-platformer/Tiles/tile_0008.png using Guid(bb1b216815b1b19468057b6692b4372d) Importer(815301076,1909f56bfc062723c751e8b465ee728b)  -> (artifact id: 'f6d104d10ac287c967cca17be223f923') in 0.024611 seconds
Number of updated asset objects reloaded before import = 0
Number of asset objects unloaded after import = 3
========================================================================
Received Import Request.
  Time since last request: 0.272596 seconds.
  path: Assets/kenney_pixel-platformer/Tiles/Backgrounds/tile_0008.png
  artifactKey: Guid(5bb6e69394e48c742807b3a25aabb758) Importer(815301076,1909f56bfc062723c751e8b465ee728b)
Start importing Assets/kenney_pixel-platformer/Tiles/Backgrounds/tile_0008.png using Guid(5bb6e69394e48c742807b3a25aabb758) Importer(815301076,1909f56bfc062723c751e8b465ee728b)  -> (artifact id: 'b388a260ab1e0fae14187a0b4104c925') in 0.022948 seconds
Number of updated asset objects reloaded before import = 0
Number of asset objects unloaded after import = 3
========================================================================
Received Import Request.
  Time since last request: 0.028160 seconds.
  path: Assets/kenney_pixel-platformer/Tiles/Backgrounds/tile_0009.png
  artifactKey: Guid(dabbf1da57336184eb4c9cee1cb9a749) Importer(815301076,1909f56bfc062723c751e8b465ee728b)
Start importing Assets/kenney_pixel-platformer/Tiles/Backgrounds/tile_0009.png using Guid(dabbf1da57336184eb4c9cee1cb9a749) Importer(815301076,1909f56bfc062723c751e8b465ee728b)  -> (artifact id: '2f4d3d4c010ba948587edb1784b2aa45') in 0.029097 seconds
Number of updated asset objects reloaded before import = 0
Number of asset objects unloaded after import = 3
========================================================================
Received Import Request.
  Time since last request: 0.000030 seconds.
  path: Assets/kenney_pixel-platformer/Tiles/Backgrounds/tile_0010.png
  artifactKey: Guid(cde02eb25325f9544ba949f4d25ed93b) Importer(815301076,1909f56bfc062723c751e8b465ee728b)
Start importing Assets/kenney_pixel-platformer/Tiles/Backgrounds/tile_0010.png using Guid(cde02eb25325f9544ba949f4d25ed93b) Importer(815301076,1909f56bfc062723c751e8b465ee728b)  -> (artifact id: '408e8bd0739a0ca0db3b7c559ef7ecc1') in 0.031866 seconds
Number of updated asset objects reloaded before import = 0
Number of asset objects unloaded after import = 3
========================================================================
Received Import Request.
  Time since last request: 0.277471 seconds.
  path: Assets/kenney_pixel-platformer/Tiles/tile_0011.png
  artifactKey: Guid(dabc9ddef0a10254b99c19f34cd98bf6) Importer(815301076,1909f56bfc062723c751e8b465ee728b)
Start importing Assets/kenney_pixel-platformer/Tiles/tile_0011.png using Guid(dabc9ddef0a10254b99c19f34cd98bf6) Importer(815301076,1909f56bfc062723c751e8b465ee728b)  -> (artifact id: '66acc8ff8958fde6c151f448d88518af') in 0.025972 seconds
Number of updated asset objects reloaded before import = 0
Number of asset objects unloaded after import = 3
========================================================================
Received Import Request.
  Time since last request: 0.021344 seconds.
  path: Assets/kenney_pixel-platformer/Tiles/tile_0012.png
  artifactKey: Guid(33734783fb0901540abdbec9bbc4e5f6) Importer(815301076,1909f56bfc062723c751e8b465ee728b)
Start importing Assets/kenney_pixel-platformer/Tiles/tile_0012.png using Guid(33734783fb0901540abdbec9bbc4e5f6) Importer(815301076,1909f56bfc062723c751e8b465ee728b)  -> (artifact id: 'ac08304929b91fa32fffe387e4d7bf4f') in 0.031620 seconds
Number of updated asset objects reloaded before import = 0
Number of asset objects unloaded after import = 3
========================================================================
Received Import Request.
  Time since last request: 0.287714 seconds.
  path: Assets/kenney_pixel-platformer/Tiles/tile_0013.png
  artifactKey: Guid(748a468743f38f344a27eea31dc141f7) Importer(815301076,1909f56bfc062723c751e8b465ee728b)
Start importing Assets/kenney_pixel-platformer/Tiles/tile_0013.png using Guid(748a468743f38f344a27eea31dc141f7) Importer(815301076,1909f56bfc062723c751e8b465ee728b)  -> (artifact id: '197ec4063d097c31abd18a140489f1ed') in 0.030042 seconds
Number of updated asset objects reloaded before import = 0
Number of asset objects unloaded after import = 3
========================================================================
Received Import Request.
  Time since last request: 0.026588 seconds.
  path: Assets/kenney_pixel-platformer/Tiles/Characters/tile_0014.png
  artifactKey: Guid(39e3e1b5afdae9a4aaba46ef0769c152) Importer(815301076,1909f56bfc062723c751e8b465ee728b)
Start importing Assets/kenney_pixel-platformer/Tiles/Characters/tile_0014.png using Guid(39e3e1b5afdae9a4aaba46ef0769c152) Importer(815301076,1909f56bfc062723c751e8b465ee728b)  -> (artifact id: 'a96478ba58f747505ba331323936fbf6') in 0.022882 seconds
Number of updated asset objects reloaded before import = 0
Number of asset objects unloaded after import = 3
========================================================================
Received Import Request.
  Time since last request: 0.279098 seconds.
  path: Assets/kenney_pixel-platformer/Tiles/tile_0014.png
  artifactKey: Guid(5368e4c2cac09c74ca4b6b8b1deefe82) Importer(815301076,1909f56bfc062723c751e8b465ee728b)
Start importing Assets/kenney_pixel-platformer/Tiles/tile_0014.png using Guid(5368e4c2cac09c74ca4b6b8b1deefe82) Importer(815301076,1909f56bfc062723c751e8b465ee728b)  -> (artifact id: '6f9a39fd5f10d12c01cfb6ac0e139ea8') in 0.024380 seconds
Number of updated asset objects reloaded before import = 0
Number of asset objects unloaded after import = 3
========================================================================
Received Import Request.
  Time since last request: 0.057303 seconds.
  path: Assets/kenney_pixel-platformer/Tiles/Backgrounds/tile_0016.png
  artifactKey: Guid(d4d8fdb0c141f9048930b4fb4f6680f0) Importer(815301076,1909f56bfc062723c751e8b465ee728b)
Start importing Assets/kenney_pixel-platformer/Tiles/Backgrounds/tile_0016.png using Guid(d4d8fdb0c141f9048930b4fb4f6680f0) Importer(815301076,1909f56bfc062723c751e8b465ee728b)  -> (artifact id: 'd152532acf8573654e3e356fe06be290') in 0.020641 seconds
Number of updated asset objects reloaded before import = 0
Number of asset objects unloaded after import = 3
========================================================================
Received Import Request.
  Time since last request: 0.271931 seconds.
  path: Assets/kenney_pixel-platformer/Tiles/Characters/tile_0016.png
  artifactKey: Guid(e17cfd7f589f44c4b88348a0893df5ca) Importer(815301076,1909f56bfc062723c751e8b465ee728b)
Start importing Assets/kenney_pixel-platformer/Tiles/Characters/tile_0016.png using Guid(e17cfd7f589f44c4b88348a0893df5ca) Importer(815301076,1909f56bfc062723c751e8b465ee728b)  -> (artifact id: '4c68167c7764a09c256590c34b8913be') in 0.026278 seconds
Number of updated asset objects reloaded before import = 0
Number of asset objects unloaded after import = 3
========================================================================
Received Import Request.
  Time since last request: 0.036374 seconds.
  path: Assets/kenney_pixel-platformer/Tiles/tile_0017.png
  artifactKey: Guid(bf49552abb714c845bb6f7d7a0560ea3) Importer(815301076,1909f56bfc062723c751e8b465ee728b)
Start importing Assets/kenney_pixel-platformer/Tiles/tile_0017.png using Guid(bf49552abb714c845bb6f7d7a0560ea3) Importer(815301076,1909f56bfc062723c751e8b465ee728b)  -> (artifact id: '429ea65e2d5242c0608f40200d645dd4') in 0.029025 seconds
Number of updated asset objects reloaded before import = 0
Number of asset objects unloaded after import = 3
========================================================================
Received Import Request.
  Time since last request: 0.368265 seconds.
  path: Assets/kenney_pixel-platformer/Tiles/Backgrounds/tile_0018.png
  artifactKey: Guid(4b09a8f87b1e4674d8e3f9834ba37101) Importer(815301076,1909f56bfc062723c751e8b465ee728b)
Start importing Assets/kenney_pixel-platformer/Tiles/Backgrounds/tile_0018.png using Guid(4b09a8f87b1e4674d8e3f9834ba37101) Importer(815301076,1909f56bfc062723c751e8b465ee728b)  -> (artifact id: 'e4c624f72afad2d6cb8aa6152a038a0e') in 0.019747 seconds
Number of updated asset objects reloaded before import = 0
Number of asset objects unloaded after import = 3
========================================================================
Received Import Request.
  Time since last request: 0.000023 seconds.
  path: Assets/kenney_pixel-platformer/Tiles/tile_0019.png
  artifactKey: Guid(57a45f2e55f99aa42b4ea7a43f24aea3) Importer(815301076,1909f56bfc062723c751e8b465ee728b)
Start importing Assets/kenney_pixel-platformer/Tiles/tile_0019.png using Guid(57a45f2e55f99aa42b4ea7a43f24aea3) Importer(815301076,1909f56bfc062723c751e8b465ee728b)  -> (artifact id: 'd27de849af78eccaca754c3218e945fc') in 0.031195 seconds
Number of updated asset objects reloaded before import = 0
Number of asset objects unloaded after import = 3
========================================================================
Received Import Request.
  Time since last request: 0.024683 seconds.
  path: Assets/kenney_pixel-platformer/Tiles/Characters/tile_0019.png
  artifactKey: Guid(38b5370100638744484af53891dc517b) Importer(815301076,1909f56bfc062723c751e8b465ee728b)
Start importing Assets/kenney_pixel-platformer/Tiles/Characters/tile_0019.png using Guid(38b5370100638744484af53891dc517b) Importer(815301076,1909f56bfc062723c751e8b465ee728b)  -> (artifact id: 'd206703f9692f08ad333b714bb1f6f08') in 0.022855 seconds
Number of updated asset objects reloaded before import = 0
Number of asset objects unloaded after import = 3
========================================================================
Received Import Request.
  Time since last request: 8.232676 seconds.
  path: Assets/kenney_pixel-platformer
  artifactKey: Guid(86a4e3941cffdbd4e97b7816242faede) Importer(815301076,1909f56bfc062723c751e8b465ee728b)
Start importing Assets/kenney_pixel-platformer using Guid(86a4e3941cffdbd4e97b7816242faede) Importer(815301076,1909f56bfc062723c751e8b465ee728b)  -> (artifact id: '2d8a6b4a913275c37cacafc6f81fbee4') in 0.001107 seconds
Number of updated asset objects reloaded before import = 0
Number of asset objects unloaded after import = 0
========================================================================
Received Import Request.
  Time since last request: 1.877410 seconds.
  path: Assets/kenney_pixel-platformer/Tiled
  artifactKey: Guid(3bc3e91c1cb9f9749b542e705b0831e1) Importer(815301076,1909f56bfc062723c751e8b465ee728b)
Start importing Assets/kenney_pixel-platformer/Tiled using Guid(3bc3e91c1cb9f9749b542e705b0831e1) Importer(815301076,1909f56bfc062723c751e8b465ee728b)  -> (artifact id: '80358592fd8acc0c5d0f770809c7ee64') in 0.000618 seconds
Number of updated asset objects reloaded before import = 0
Number of asset objects unloaded after import = 0
========================================================================
Received Import Request.
  Time since last request: 1.552152 seconds.
  path: Assets/kenney_pixel-platformer/Tilemap
  artifactKey: Guid(27ea4992263e48d4dbb28f9f1c6c5fdd) Importer(815301076,1909f56bfc062723c751e8b465ee728b)
Start importing Assets/kenney_pixel-platformer/Tilemap using Guid(27ea4992263e48d4dbb28f9f1c6c5fdd) Importer(815301076,1909f56bfc062723c751e8b465ee728b)  -> (artifact id: '455c52472cbe7fcb3bba244e6b19f0ff') in 0.000592 seconds
Number of updated asset objects reloaded before import = 0
Number of asset objects unloaded after import = 0
========================================================================
Received Import Request.
  Time since last request: 0.087366 seconds.
  path: Assets/kenney_pixel-platformer/Tilemap/tilemap.png
  artifactKey: Guid(165cc13983bf14a4797922e57e70659d) Importer(815301076,1909f56bfc062723c751e8b465ee728b)
Start importing Assets/kenney_pixel-platformer/Tilemap/tilemap.png using Guid(165cc13983bf14a4797922e57e70659d) Importer(815301076,1909f56bfc062723c751e8b465ee728b)  -> (artifact id: '55c9d25ae0ad411ee44bfc5d037c36b0') in 0.028228 seconds
Number of updated asset objects reloaded before import = 0
Number of asset objects unloaded after import = 3
========================================================================
Received Import Request.
  Time since last request: 0.000018 seconds.
  path: Assets/kenney_pixel-platformer/Tilemap/tilemap-characters_packed.png
  artifactKey: Guid(c10d06b2db9178f469ef67a385fa16b7) Importer(815301076,1909f56bfc062723c751e8b465ee728b)
Start importing Assets/kenney_pixel-platformer/Tilemap/tilemap-characters_packed.png using Guid(c10d06b2db9178f469ef67a385fa16b7) Importer(815301076,1909f56bfc062723c751e8b465ee728b)  -> (artifact id: '64c64e56141302c8fb1431546ded9ed3') in 0.032647 seconds
Number of updated asset objects reloaded before import = 0
Number of asset objects unloaded after import = 3
========================================================================
Received Import Request.
  Time since last request: 2.443077 seconds.
  path: Assets/kenney_pixel-platformer/Tilemap/Tiles
  artifactKey: Guid(931571c4928789d4c8a7a273f1005e9d) Importer(815301076,1909f56bfc062723c751e8b465ee728b)
Start importing Assets/kenney_pixel-platformer/Tilemap/Tiles using Guid(931571c4928789d4c8a7a273f1005e9d) Importer(815301076,1909f56bfc062723c751e8b465ee728b)  -> (artifact id: '84c974fe8c710ca8415483de728a905f') in 0.000563 seconds
Number of updated asset objects reloaded before import = 0
Number of asset objects unloaded after import = 0
========================================================================
Received Import Request.
  Time since last request: 0.079781 seconds.
  path: Assets/kenney_pixel-platformer/Tilemap/Tiles/Forest.prefab
  artifactKey: Guid(c6754473cfaf5174798980c9b1e5e3ed) Importer(815301076,1909f56bfc062723c751e8b465ee728b)
Start importing Assets/kenney_pixel-platformer/Tilemap/Tiles/Forest.prefab using Guid(c6754473cfaf5174798980c9b1e5e3ed) Importer(815301076,1909f56bfc062723c751e8b465ee728b)  -> (artifact id: '980bd6a3786270686f85198be4d2e82c') in 0.136996 seconds
Number of updated asset objects reloaded before import = 0
Number of asset objects unloaded after import = 371
========================================================================
Received Import Request.
  Time since last request: 0.000024 seconds.
  path: Assets/kenney_pixel-platformer/Tilemap/Tiles/tilemap_packed_54.asset
  artifactKey: Guid(be96c07a03ec6cd4695e0f4811f49070) Importer(815301076,1909f56bfc062723c751e8b465ee728b)
Start importing Assets/kenney_pixel-platformer/Tilemap/Tiles/tilemap_packed_54.asset using Guid(be96c07a03ec6cd4695e0f4811f49070) Importer(815301076,1909f56bfc062723c751e8b465ee728b)  -> (artifact id: 'd30700222377bfab3e539c4c7606ac28') in 0.016617 seconds
Number of updated asset objects reloaded before import = 0
Number of asset objects unloaded after import = 3
========================================================================
Received Import Request.
  Time since last request: 0.000023 seconds.
  path: Assets/kenney_pixel-platformer/Tilemap/Tiles/tilemap_packed_59.asset
  artifactKey: Guid(08db58eab5d314f459e009d9806caaa1) Importer(815301076,1909f56bfc062723c751e8b465ee728b)
Start importing Assets/kenney_pixel-platformer/Tilemap/Tiles/tilemap_packed_59.asset using Guid(08db58eab5d314f459e009d9806caaa1) Importer(815301076,1909f56bfc062723c751e8b465ee728b)  -> (artifact id: '19702539effd8149e9a102dbbc36680e') in 0.014718 seconds
Number of updated asset objects reloaded before import = 0
Number of asset objects unloaded after import = 3
========================================================================
Received Import Request.
  Time since last request: 0.000021 seconds.
  path: Assets/kenney_pixel-platformer/Tilemap/Tiles/tilemap_packed_14.asset
  artifactKey: Guid(eec82e545cabf2f4b8243f6aead53e48) Importer(815301076,1909f56bfc062723c751e8b465ee728b)
Start importing Assets/kenney_pixel-platformer/Tilemap/Tiles/tilemap_packed_14.asset using Guid(eec82e545cabf2f4b8243f6aead53e48) Importer(815301076,1909f56bfc062723c751e8b465ee728b)  -> (artifact id: '8bfaf6a474e0a3942f55c0d922c4eea9') in 0.013706 seconds
Number of updated asset objects reloaded before import = 0
Number of asset objects unloaded after import = 3
========================================================================
Received Import Request.
  Time since last request: 0.000018 seconds.
  path: Assets/kenney_pixel-platformer/Tilemap/Tiles/tilemap_packed_35.asset
  artifactKey: Guid(a773063636d0ce74283a8dbe548f60d3) Importer(815301076,1909f56bfc062723c751e8b465ee728b)
Start importing Assets/kenney_pixel-platformer/Tilemap/Tiles/tilemap_packed_35.asset using Guid(a773063636d0ce74283a8dbe548f60d3) Importer(815301076,1909f56bfc062723c751e8b465ee728b)  -> (artifact id: '33b833868326d3b68b34198a7fecdc8c') in 0.018155 seconds
Number of updated asset objects reloaded before import = 0
Number of asset objects unloaded after import = 3
========================================================================
Received Import Request.
  Time since last request: 0.000028 seconds.
  path: Assets/kenney_pixel-platformer/Tilemap/Tiles/tilemap_packed_32.asset
  artifactKey: Guid(bc1156ff29ffa2b47aa2dc0c482c990f) Importer(815301076,1909f56bfc062723c751e8b465ee728b)
Start importing Assets/kenney_pixel-platformer/Tilemap/Tiles/tilemap_packed_32.asset using Guid(bc1156ff29ffa2b47aa2dc0c482c990f) Importer(815301076,1909f56bfc062723c751e8b465ee728b)  -> (artifact id: 'ed26277f8170064992b3a4e570247ff6') in 0.021299 seconds
Number of updated asset objects reloaded before import = 0
Number of asset objects unloaded after import = 3
========================================================================
Received Import Request.
  Time since last request: 0.000040 seconds.
  path: Assets/kenney_pixel-platformer/Tilemap/Tiles/tilemap_packed_7.asset
  artifactKey: Guid(fd4545fe708cf7a4382527290f492538) Importer(815301076,1909f56bfc062723c751e8b465ee728b)
Start importing Assets/kenney_pixel-platformer/Tilemap/Tiles/tilemap_packed_7.asset using Guid(fd4545fe708cf7a4382527290f492538) Importer(815301076,1909f56bfc062723c751e8b465ee728b)  -> (artifact id: '96141a3fcabe37dc26950f2c1cbb9657') in 0.016637 seconds
Number of updated asset objects reloaded before import = 0
Number of asset objects unloaded after import = 3
========================================================================
Received Import Request.
  Time since last request: 0.000014 seconds.
  path: Assets/kenney_pixel-platformer/Tilemap/Tiles/tilemap_packed_27.asset
  artifactKey: Guid(b6b513108c1770e478ce791ce1361295) Importer(815301076,1909f56bfc062723c751e8b465ee728b)
Start importing Assets/kenney_pixel-platformer/Tilemap/Tiles/tilemap_packed_27.asset using Guid(b6b513108c1770e478ce791ce1361295) Importer(815301076,1909f56bfc062723c751e8b465ee728b)  -> (artifact id: '26fef180cad4293f1a0d806aabbe29f0') in 0.012360 seconds
Number of updated asset objects reloaded before import = 0
Number of asset objects unloaded after import = 3
========================================================================
Received Import Request.
  Time since last request: 0.000016 seconds.
  path: Assets/kenney_pixel-platformer/Tilemap/Tiles/tilemap_packed_39.asset
  artifactKey: Guid(3c0ccd1edff0baf40acb9a1c7e792f28) Importer(815301076,1909f56bfc062723c751e8b465ee728b)
Start importing Assets/kenney_pixel-platformer/Tilemap/Tiles/tilemap_packed_39.asset using Guid(3c0ccd1edff0baf40acb9a1c7e792f28) Importer(815301076,1909f56bfc062723c751e8b465ee728b)  -> (artifact id: '0a49d96737191bf204f8098aaf9c28be') in 0.014667 seconds
Number of updated asset objects reloaded before import = 0
Number of asset objects unloaded after import = 3
========================================================================
Received Import Request.
  Time since last request: 0.000032 seconds.
  path: Assets/kenney_pixel-platformer/Tilemap/Tiles/tilemap_packed_53.asset
  artifactKey: Guid(c3486370db87c81479663c36e383605b) Importer(815301076,1909f56bfc062723c751e8b465ee728b)
Start importing Assets/kenney_pixel-platformer/Tilemap/Tiles/tilemap_packed_53.asset using Guid(c3486370db87c81479663c36e383605b) Importer(815301076,1909f56bfc062723c751e8b465ee728b)  -> (artifact id: 'da13ca6534dc607d48e889492df424c4') in 0.017011 seconds
Number of updated asset objects reloaded before import = 0
Number of asset objects unloaded after import = 3
========================================================================
Received Import Request.
  Time since last request: 0.000031 seconds.
  path: Assets/kenney_pixel-platformer/Tilemap/Tiles/tilemap_packed_34.asset
  artifactKey: Guid(ff15a081e0f58aa4e9cee985e6b5b2c3) Importer(815301076,1909f56bfc062723c751e8b465ee728b)
Start importing Assets/kenney_pixel-platformer/Tilemap/Tiles/tilemap_packed_34.asset using Guid(ff15a081e0f58aa4e9cee985e6b5b2c3) Importer(815301076,1909f56bfc062723c751e8b465ee728b)  -> (artifact id: 'a474e4966824a900c5fbca5b0467cdf1') in 0.015832 seconds
Number of updated asset objects reloaded before import = 0
Number of asset objects unloaded after import = 3
========================================================================
Received Import Request.
  Time since last request: 0.000134 seconds.
  path: Assets/kenney_pixel-platformer/Tilemap/Tiles/tilemap_packed_63.asset
  artifactKey: Guid(776e205e2f9fa014da1febbf8120f400) Importer(815301076,1909f56bfc062723c751e8b465ee728b)
Start importing Assets/kenney_pixel-platformer/Tilemap/Tiles/tilemap_packed_63.asset using Guid(776e205e2f9fa014da1febbf8120f400) Importer(815301076,1909f56bfc062723c751e8b465ee728b)  -> (artifact id: '01e329f4b156e3447f3637885fa78300') in 0.024242 seconds
Number of updated asset objects reloaded before import = 0
Number of asset objects unloaded after import = 3
========================================================================
Received Import Request.
  Time since last request: 0.000040 seconds.
  path: Assets/kenney_pixel-platformer/Tilemap/Tiles/tilemap_packed_61.asset
  artifactKey: Guid(cdf555e7830d01247b8b8e305bc83c93) Importer(815301076,1909f56bfc062723c751e8b465ee728b)
Start importing Assets/kenney_pixel-platformer/Tilemap/Tiles/tilemap_packed_61.asset using Guid(cdf555e7830d01247b8b8e305bc83c93) Importer(815301076,1909f56bfc062723c751e8b465ee728b)  -> (artifact id: 'c904dba399f9b411d0a638c41daff98f') in 0.020805 seconds
Number of updated asset objects reloaded before import = 0
Number of asset objects unloaded after import = 3
========================================================================
Received Import Request.
  Time since last request: 0.000026 seconds.
  path: Assets/kenney_pixel-platformer/Tilemap/Tiles/tilemap_packed_40.asset
  artifactKey: Guid(71e21afa5957f7e4ca7681b7fbb8a639) Importer(815301076,1909f56bfc062723c751e8b465ee728b)
Start importing Assets/kenney_pixel-platformer/Tilemap/Tiles/tilemap_packed_40.asset using Guid(71e21afa5957f7e4ca7681b7fbb8a639) Importer(815301076,1909f56bfc062723c751e8b465ee728b)  -> (artifact id: 'ae2fe6ffb1783922441e973c1a7e8c8c') in 0.016530 seconds
Number of updated asset objects reloaded before import = 0
Number of asset objects unloaded after import = 3
========================================================================
Received Import Request.
  Time since last request: 0.000016 seconds.
  path: Assets/kenney_pixel-platformer/Tilemap/Tiles/tilemap_packed_43.asset
  artifactKey: Guid(5f7c34d325f914946ae256451fb68e68) Importer(815301076,1909f56bfc062723c751e8b465ee728b)
Start importing Assets/kenney_pixel-platformer/Tilemap/Tiles/tilemap_packed_43.asset using Guid(5f7c34d325f914946ae256451fb68e68) Importer(815301076,1909f56bfc062723c751e8b465ee728b)  -> (artifact id: '3a5e264d6a5f1017bda7c9d4a8e5c257') in 0.015544 seconds
Number of updated asset objects reloaded before import = 0
Number of asset objects unloaded after import = 3
========================================================================
Received Import Request.
  Time since last request: 0.000037 seconds.
  path: Assets/kenney_pixel-platformer/Tilemap/Tiles/tilemap_packed_58.asset
  artifactKey: Guid(9cd41dea48920204fab5060610e987c2) Importer(815301076,1909f56bfc062723c751e8b465ee728b)
Start importing Assets/kenney_pixel-platformer/Tilemap/Tiles/tilemap_packed_58.asset using Guid(9cd41dea48920204fab5060610e987c2) Importer(815301076,1909f56bfc062723c751e8b465ee728b)  -> (artifact id: '2c885c2ea6c4f736c3b1674b2c834cb0') in 0.019573 seconds
Number of updated asset objects reloaded before import = 0
Number of asset objects unloaded after import = 3
========================================================================
Received Import Request.
  Time since last request: 0.000025 seconds.
  path: Assets/kenney_pixel-platformer/Tilemap/Tiles/tilemap_packed_52.asset
  artifactKey: Guid(f0328811be01b9848b14301d9f5d4fa6) Importer(815301076,1909f56bfc062723c751e8b465ee728b)
Start importing Assets/kenney_pixel-platformer/Tilemap/Tiles/tilemap_packed_52.asset using Guid(f0328811be01b9848b14301d9f5d4fa6) Importer(815301076,1909f56bfc062723c751e8b465ee728b)  -> (artifact id: '7c5e38abbf13154ec46444df8f140e63') in 0.020665 seconds
Number of updated asset objects reloaded before import = 0
Number of asset objects unloaded after import = 3
========================================================================
Received Import Request.
  Time since last request: 0.000048 seconds.
  path: Assets/kenney_pixel-platformer/Tilemap/Tiles/tilemap_packed_57.asset
  artifactKey: Guid(9bc3b2b331b8c5c40893a8d85b03fa77) Importer(815301076,1909f56bfc062723c751e8b465ee728b)
Start importing Assets/kenney_pixel-platformer/Tilemap/Tiles/tilemap_packed_57.asset using Guid(9bc3b2b331b8c5c40893a8d85b03fa77) Importer(815301076,1909f56bfc062723c751e8b465ee728b)  -> (artifact id: '2ee9ba49fa3c22a8b34583c5ca9a778c') in 0.022862 seconds
Number of updated asset objects reloaded before import = 0
Number of asset objects unloaded after import = 3
========================================================================
Received Import Request.
  Time since last request: 0.257958 seconds.
  path: Assets/kenney_pixel-platformer/Tilemap/Tiles/tilemap_packed_65.asset
  artifactKey: Guid(3ee56fbc59f97a848ba4bb594ca491c6) Importer(815301076,1909f56bfc062723c751e8b465ee728b)
Start importing Assets/kenney_pixel-platformer/Tilemap/Tiles/tilemap_packed_65.asset using Guid(3ee56fbc59f97a848ba4bb594ca491c6) Importer(815301076,1909f56bfc062723c751e8b465ee728b)  -> (artifact id: '842a8f4312daa8b872e0d59470fb81f8') in 0.015416 seconds
Number of updated asset objects reloaded before import = 0
Number of asset objects unloaded after import = 3
========================================================================
Received Import Request.
  Time since last request: 0.000019 seconds.
  path: Assets/kenney_pixel-platformer/Tilemap/Tiles/tilemap_packed_75.asset
  artifactKey: Guid(53c7983cdd6277847843fe67c4d01862) Importer(815301076,1909f56bfc062723c751e8b465ee728b)
Start importing Assets/kenney_pixel-platformer/Tilemap/Tiles/tilemap_packed_75.asset using Guid(53c7983cdd6277847843fe67c4d01862) Importer(815301076,1909f56bfc062723c751e8b465ee728b)  -> (artifact id: 'a875dd10ba2b6f1d19ed70f9e3439b0c') in 0.014095 seconds
Number of updated asset objects reloaded before import = 0
Number of asset objects unloaded after import = 3
========================================================================
Received Import Request.
  Time since last request: 0.000019 seconds.
  path: Assets/kenney_pixel-platformer/Tilemap/Tiles/tilemap_packed_69.asset
  artifactKey: Guid(7383bf298b9ff81478af781df05d9521) Importer(815301076,1909f56bfc062723c751e8b465ee728b)
Start importing Assets/kenney_pixel-platformer/Tilemap/Tiles/tilemap_packed_69.asset using Guid(7383bf298b9ff81478af781df05d9521) Importer(815301076,1909f56bfc062723c751e8b465ee728b)  -> (artifact id: 'fb569ff84d31c214ef1b2dba037fd2ce') in 0.017227 seconds
Number of updated asset objects reloaded before import = 0
Number of asset objects unloaded after import = 3
========================================================================
Received Import Request.
  Time since last request: 0.000032 seconds.
  path: Assets/kenney_pixel-platformer/Tilemap/Tiles/tilemap_packed_71.asset
  artifactKey: Guid(ea860624150c0064e81a94a7d10ceae5) Importer(815301076,1909f56bfc062723c751e8b465ee728b)
Start importing Assets/kenney_pixel-platformer/Tilemap/Tiles/tilemap_packed_71.asset using Guid(ea860624150c0064e81a94a7d10ceae5) Importer(815301076,1909f56bfc062723c751e8b465ee728b)  -> (artifact id: '8ad0c83e767d8e2bc5f2b57a3d5b618b') in 0.016224 seconds
Number of updated asset objects reloaded before import = 0
Number of asset objects unloaded after import = 3
========================================================================
Received Import Request.
  Time since last request: 0.373902 seconds.
  path: Assets/kenney_pixel-platformer/Tilemap/Tiles/tilemap_packed_78.asset
  artifactKey: Guid(8f7d898833861b744b6755114774787f) Importer(815301076,1909f56bfc062723c751e8b465ee728b)
Start importing Assets/kenney_pixel-platformer/Tilemap/Tiles/tilemap_packed_78.asset using Guid(8f7d898833861b744b6755114774787f) Importer(815301076,1909f56bfc062723c751e8b465ee728b)  -> (artifact id: 'e9f72fe01ae90eba7a5359a5f399f8ce') in 0.014202 seconds
Number of updated asset objects reloaded before import = 0
Number of asset objects unloaded after import = 3
========================================================================
Received Import Request.
  Time since last request: 0.000017 seconds.
  path: Assets/kenney_pixel-platformer/Tilemap/Tiles/tilemap_packed_89.asset
  artifactKey: Guid(75ada6fb6ae5a824c899609313bc4e6a) Importer(815301076,1909f56bfc062723c751e8b465ee728b)
Start importing Assets/kenney_pixel-platformer/Tilemap/Tiles/tilemap_packed_89.asset using Guid(75ada6fb6ae5a824c899609313bc4e6a) Importer(815301076,1909f56bfc062723c751e8b465ee728b)  -> (artifact id: '5aca6df940ba78a9ba8eaeaf8e623f75') in 0.011104 seconds
Number of updated asset objects reloaded before import = 0
Number of asset objects unloaded after import = 3
========================================================================
Received Import Request.
  Time since last request: 0.000013 seconds.
  path: Assets/kenney_pixel-platformer/Tilemap/Tiles/tilemap_packed_86.asset
  artifactKey: Guid(b3b21a1a4bb0f2247a85cebdba53da1d) Importer(815301076,1909f56bfc062723c751e8b465ee728b)
Start importing Assets/kenney_pixel-platformer/Tilemap/Tiles/tilemap_packed_86.asset using Guid(b3b21a1a4bb0f2247a85cebdba53da1d) Importer(815301076,1909f56bfc062723c751e8b465ee728b)  -> (artifact id: 'af981a6bf074fe37cebd661967020280') in 0.014582 seconds
Number of updated asset objects reloaded before import = 0
Number of asset objects unloaded after import = 3
========================================================================
Received Import Request.
  Time since last request: 0.000013 seconds.
  path: Assets/kenney_pixel-platformer/Tilemap/Tiles/tilemap_packed_85.asset
  artifactKey: Guid(943bfb0cfab486e46a5e28aea925ef17) Importer(815301076,1909f56bfc062723c751e8b465ee728b)
Start importing Assets/kenney_pixel-platformer/Tilemap/Tiles/tilemap_packed_85.asset using Guid(943bfb0cfab486e46a5e28aea925ef17) Importer(815301076,1909f56bfc062723c751e8b465ee728b)  -> (artifact id: '7aa1ea3defcfebbc12b7cb7eb9b74100') in 0.012859 seconds
Number of updated asset objects reloaded before import = 0
Number of asset objects unloaded after import = 3
========================================================================
Received Import Request.
  Time since last request: 0.000026 seconds.
  path: Assets/kenney_pixel-platformer/Tilemap/Tiles/tilemap_packed_88.asset
  artifactKey: Guid(6d3ba967d51c95540af35dbd9c844696) Importer(815301076,1909f56bfc062723c751e8b465ee728b)
Start importing Assets/kenney_pixel-platformer/Tilemap/Tiles/tilemap_packed_88.asset using Guid(6d3ba967d51c95540af35dbd9c844696) Importer(815301076,1909f56bfc062723c751e8b465ee728b)  -> (artifact id: '25bb545236d4c91523066170aa3a1d46') in 0.014944 seconds
Number of updated asset objects reloaded before import = 0
Number of asset objects unloaded after import = 3
========================================================================
Received Import Request.
  Time since last request: 0.000034 seconds.
  path: Assets/kenney_pixel-platformer/Tilemap/Tiles/tilemap_packed_93.asset
  artifactKey: Guid(8be4adfd6abb4e9449f9dd56809e6f13) Importer(815301076,1909f56bfc062723c751e8b465ee728b)
Start importing Assets/kenney_pixel-platformer/Tilemap/Tiles/tilemap_packed_93.asset using Guid(8be4adfd6abb4e9449f9dd56809e6f13) Importer(815301076,1909f56bfc062723c751e8b465ee728b)  -> (artifact id: 'ff2b154acee3e41d9c7da7784a45ff28') in 0.023707 seconds
Number of updated asset objects reloaded before import = 0
Number of asset objects unloaded after import = 3
========================================================================
Received Import Request.
  Time since last request: 0.000030 seconds.
  path: Assets/kenney_pixel-platformer/Tilemap/Tiles/tilemap_packed_97.asset
  artifactKey: Guid(540755af5b44f7a4ea85d4c5d5c657b7) Importer(815301076,1909f56bfc062723c751e8b465ee728b)
Start importing Assets/kenney_pixel-platformer/Tilemap/Tiles/tilemap_packed_97.asset using Guid(540755af5b44f7a4ea85d4c5d5c657b7) Importer(815301076,1909f56bfc062723c751e8b465ee728b)  -> (artifact id: 'b38705082b058d9f676a10b5f2cdc1d1') in 0.015721 seconds
Number of updated asset objects reloaded before import = 0
Number of asset objects unloaded after import = 3
========================================================================
Received Import Request.
  Time since last request: 0.000022 seconds.
  path: Assets/kenney_pixel-platformer/Tilemap/Tiles/tilemap_packed_99.asset
  artifactKey: Guid(178dfbc24a1b4cb4fa05efb8f40b18a5) Importer(815301076,1909f56bfc062723c751e8b465ee728b)
Start importing Assets/kenney_pixel-platformer/Tilemap/Tiles/tilemap_packed_99.asset using Guid(178dfbc24a1b4cb4fa05efb8f40b18a5) Importer(815301076,1909f56bfc062723c751e8b465ee728b)  -> (artifact id: '9b59f8017f72d871d027bec88dc3ce9e') in 0.016421 seconds
Number of updated asset objects reloaded before import = 0
Number of asset objects unloaded after import = 3
========================================================================
Received Prepare
Begin MonoManager ReloadAssembly
- Loaded All Assemblies, in  0.271 seconds
Refreshing native plugins compatible for Editor in 0.00 ms, found 0 plugins.
Native extension for UWP target not found
Native extension for LinuxStandalone target not found
Native extension for WindowsStandalone target not found
Native extension for AppleTV target not found
Native extension for iOS target not found
Native extension for Android target not found
Native extension for OSXStandalone target not found
Native extension for WebGL target not found
Mono: successfully reloaded assembly
- Finished resetting the current domain, in  0.417 seconds
Domain Reload Profiling: 687ms
	BeginReloadAssembly (177ms)
		ExecutionOrderSort (0ms)
		DisableScriptedObjects (5ms)
		BackupInstance (0ms)
		ReleaseScriptingObjects (0ms)
		CreateAndSetChildDomain (36ms)
	RebuildCommonClasses (45ms)
	RebuildNativeTypeToScriptingClass (11ms)
	initialDomainReloadingComplete (24ms)
	LoadAllAssembliesAndSetupDomain (13ms)
		LoadAssemblies (107ms)
		RebuildTransferFunctionScriptingTraits (0ms)
		AnalyzeDomain (1ms)
			TypeCache.Refresh (0ms)
				TypeCache.ScanAssembly (0ms)
			ScanForSourceGeneratedMonoScriptInfo (0ms)
			ResolveRequiredComponents (0ms)
	FinalizeReload (418ms)
		ReleaseScriptCaches (0ms)
		RebuildScriptCaches (0ms)
		SetupLoadedEditorAssemblies (263ms)
			LogAssemblyErrors (0ms)
			InitializePlatformSupportModulesInManaged (51ms)
			SetLoadedEditorAssemblies (6ms)
			RefreshPlugins (0ms)
			BeforeProcessingInitializeOnLoad (46ms)
			ProcessInitializeOnLoadAttributes (129ms)
			ProcessInitializeOnLoadMethodAttributes (24ms)
			AfterProcessingInitializeOnLoad (6ms)
			EditorAssembliesLoaded (0ms)
		ExecutionOrderSort2 (0ms)
		AwakeInstancesAfterBackupRestoration (7ms)
Refreshing native plugins compatible for Editor in 0.00 ms, found 0 plugins.
Preloading 0 native plugins for Editor in 0.00 ms.
Unloading 9 Unused Serialized files (Serialized files now loaded: 0)
Unloading 1 unused Assets / (20.5 KB). Loaded Objects now: 507.
Memory consumption went from 51.3 MB to 51.3 MB.
Total: 2.241100 ms (FindLiveObjects: 0.037700 ms CreateObjectMapping: 0.003700 ms MarkObjects: 2.183100 ms  DeleteObjects: 0.015800 ms)

Prepare: number of updated asset objects reloaded= 0
AssetImportParameters requested are different than current active one (requested -> active):
  custom:video-decoder-ogg-theora: a1e56fd34408186e4bbccfd4996cb3dc -> 
  custom:container-muxer-webm: aa71ff27fc2769a1b78a27578f13a17b -> 
  custom:container-demuxer-webm: 4f35f7cbe854078d1ac9338744f61a02 -> 
  custom:video-encoder-webm-vp8: eb34c28f22e8b96e1ab97ce403110664 -> 
  custom:CustomObjectIndexerAttribute: 756ad292c208cfabdd7b50bc23989ffe -> 
  custom:audio-encoder-webm-vorbis: bf7c407c2cedff20999df2af8eb42d56 -> 
  custom:framework-win-MediaFoundation: 216162199b28c13a410421893ffa2e32 -> 
  custom:SearchIndexIgnoredProperties: e643bd26f0fe6173181afceb89e7c659 -> 
  custom:container-demuxer-ogg: 62fdf1f143b41e24485cea50d1cbac27 -> 
  custom:video-decoder-webm-vp8: 9c59270c3fd7afecdb556c50c9e8de78 -> 
  custom:audio-decoder-ogg-vorbis: bf7c407c2cedff20999df2af8eb42d56 -> 
  custom:AudioImporter_EditorPlatform: d09bf68614088b80899f8185d706f6e7 -> 
========================================================================
Received Prepare
Begin MonoManager ReloadAssembly
- Loaded All Assemblies, in  0.264 seconds
Refreshing native plugins compatible for Editor in 0.00 ms, found 0 plugins.
Native extension for UWP target not found
Native extension for LinuxStandalone target not found
Native extension for WindowsStandalone target not found
Native extension for AppleTV target not found
Native extension for iOS target not found
Native extension for Android target not found
Native extension for OSXStandalone target not found
Native extension for WebGL target not found
Mono: successfully reloaded assembly
- Finished resetting the current domain, in  0.423 seconds
Domain Reload Profiling: 686ms
	BeginReloadAssembly (166ms)
		ExecutionOrderSort (0ms)
		DisableScriptedObjects (9ms)
		BackupInstance (0ms)
		ReleaseScriptingObjects (0ms)
		CreateAndSetChildDomain (31ms)
	RebuildCommonClasses (48ms)
	RebuildNativeTypeToScriptingClass (13ms)
	initialDomainReloadingComplete (24ms)
	LoadAllAssembliesAndSetupDomain (10ms)
		LoadAssemblies (103ms)
		RebuildTransferFunctionScriptingTraits (0ms)
		AnalyzeDomain (1ms)
			TypeCache.Refresh (0ms)
				TypeCache.ScanAssembly (0ms)
			ScanForSourceGeneratedMonoScriptInfo (0ms)
			ResolveRequiredComponents (0ms)
	FinalizeReload (424ms)
		ReleaseScriptCaches (0ms)
		RebuildScriptCaches (0ms)
		SetupLoadedEditorAssemblies (276ms)
			LogAssemblyErrors (0ms)
			InitializePlatformSupportModulesInManaged (56ms)
			SetLoadedEditorAssemblies (6ms)
			RefreshPlugins (0ms)
			BeforeProcessingInitializeOnLoad (38ms)
			ProcessInitializeOnLoadAttributes (149ms)
			ProcessInitializeOnLoadMethodAttributes (19ms)
			AfterProcessingInitializeOnLoad (7ms)
			EditorAssembliesLoaded (0ms)
		ExecutionOrderSort2 (0ms)
		AwakeInstancesAfterBackupRestoration (7ms)
Refreshing native plugins compatible for Editor in 0.00 ms, found 0 plugins.
Preloading 0 native plugins for Editor in 0.00 ms.
Unloading 10 Unused Serialized files (Serialized files now loaded: 0)
Unloading 1 unused Assets / (22.7 KB). Loaded Objects now: 507.
Memory consumption went from 51.5 MB to 51.5 MB.
Total: 2.424100 ms (FindLiveObjects: 0.054700 ms CreateObjectMapping: 0.004500 ms MarkObjects: 2.337000 ms  DeleteObjects: 0.026600 ms)

Prepare: number of updated asset objects reloaded= 0
AssetImportParameters requested are different than current active one (requested -> active):
  custom:video-decoder-ogg-theora: a1e56fd34408186e4bbccfd4996cb3dc -> 
  custom:container-muxer-webm: aa71ff27fc2769a1b78a27578f13a17b -> 
  custom:container-demuxer-webm: 4f35f7cbe854078d1ac9338744f61a02 -> 
  custom:video-encoder-webm-vp8: eb34c28f22e8b96e1ab97ce403110664 -> 
  custom:CustomObjectIndexerAttribute: 756ad292c208cfabdd7b50bc23989ffe -> 
  custom:audio-encoder-webm-vorbis: bf7c407c2cedff20999df2af8eb42d56 -> 
  custom:framework-win-MediaFoundation: 216162199b28c13a410421893ffa2e32 -> 
  custom:SearchIndexIgnoredProperties: e643bd26f0fe6173181afceb89e7c659 -> 
  custom:container-demuxer-ogg: 62fdf1f143b41e24485cea50d1cbac27 -> 
  custom:video-decoder-webm-vp8: 9c59270c3fd7afecdb556c50c9e8de78 -> 
  custom:audio-decoder-ogg-vorbis: bf7c407c2cedff20999df2af8eb42d56 -> 
  custom:AudioImporter_EditorPlatform: d09bf68614088b80899f8185d706f6e7 -> 
Editor requested this worker to shutdown with reason: Scaling down because of idle timeout
TcpMessagingSession - receive error: operation aborted. errorcode: 995, details:  /   -       .
AssetImportWorker is now disconnected from the server
Process exiting
Exiting without the bug reporter. Application will terminate with return code 0